<?xml version="1.0" encoding="UTF-8"?>
<!-- Generated by org.testng.reporters.JUnitReportReporter -->
<testsuite hostname="DESKTOP-7ECRDH4" failures="0" tests="1" name="com.testautomation.tests.PostRequest" time="2.767" errors="0" timestamp="21 Mar 2022 12:30:13 GMT" skipped="0">
  <testcase classname="com.testautomation.tests.PostRequest" name="positiveTest" time="2.767"/>
</testsuite> <!-- com.testautomation.tests.PostRequest -->
