<?xml version="1.0" encoding="UTF-8"?>
<!-- Generated by org.testng.reporters.JUnitReportReporter -->
<testsuite hostname="DESKTOP-7ECRDH4" failures="0" tests="1" name="com.testautomation.tests.DeleteRequest" time="2.713" errors="0" timestamp="21 Mar 2022 12:49:58 GMT" skipped="0">
  <testcase classname="com.testautomation.tests.DeleteRequest" name="positiveTest" time="2.713"/>
</testsuite> <!-- com.testautomation.tests.DeleteRequest -->
