<?xml version="1.0" encoding="UTF-8"?>
<!-- Generated by org.testng.reporters.JUnitReportReporter -->
<testsuite hostname="DESKTOP-7ECRDH4" failures="0" tests="1" name="com.testautomation.tests.GetRequest" time="3.421" errors="0" timestamp="12 Apr 2022 06:28:20 GMT" skipped="0">
  <testcase classname="com.testautomation.tests.GetRequest" name="positiveTest" time="3.421"/>
</testsuite> <!-- com.testautomation.tests.GetRequest -->
