<?xml version="1.0" encoding="UTF-8"?>
<!-- Generated by org.testng.reporters.JUnitReportReporter -->
<testsuite hostname="DESKTOP-7ECRDH4" failures="0" tests="1" name="com.testautomation.tests.PatchRequest" time="2.757" errors="0" timestamp="21 Mar 2022 12:45:27 GMT" skipped="0">
  <testcase classname="com.testautomation.tests.PatchRequest" name="positiveTest" time="2.757"/>
</testsuite> <!-- com.testautomation.tests.PatchRequest -->
