<?xml version="1.0" encoding="UTF-8"?>
<!-- Generated by org.testng.reporters.JUnitReportReporter -->
<testsuite hostname="DESKTOP-7ECRDH4" failures="0" tests="1" name="com.testautomation.tests.SchemaValidation" time="3.855" errors="0" timestamp="12 Apr 2022 11:10:45 GMT" skipped="0">
  <testcase classname="com.testautomation.tests.SchemaValidation" name="schemaValidationTest" time="3.855"/>
</testsuite> <!-- com.testautomation.tests.SchemaValidation -->
