<?xml version="1.0" encoding="UTF-8"?>
<!-- Generated by org.testng.reporters.JUnitReportReporter -->
<testsuite hostname="DESKTOP-7ECRDH4" failures="0" tests="1" name="com.testautomation.tests.PutRequest" time="2.643" errors="0" timestamp="21 Mar 2022 12:39:31 GMT" skipped="0">
  <testcase classname="com.testautomation.tests.PutRequest" name="positiveTest" time="2.643"/>
</testsuite> <!-- com.testautomation.tests.PutRequest -->
